\BOOKMARK [1][-]{section.1}{\376\377\0001\000\040\000G\000e\000n\000S\000S\000I\000\040\0002\000.\0000\000\040\000G\000e\000n\000e\000r\000a\000l\000\040\000D\000o\000c\000u\000m\000e\000n\000t\000a\000t\000i\000o\000n}{}% 1
\BOOKMARK [2][-]{subsection.1.1}{\376\377\0001\000.\0001\000\040\000I\000n\000t\000r\000o\000d\000u\000c\000t\000i\000o\000n}{section.1}% 2
\BOOKMARK [2][-]{subsection.1.2}{\376\377\0001\000.\0002\000\040\000A\000v\000a\000i\000l\000a\000b\000i\000l\000i\000t\000y}{section.1}% 3
\BOOKMARK [2][-]{subsection.1.3}{\376\377\0001\000.\0003\000\040\000I\000n\000s\000t\000a\000l\000l\000a\000t\000i\000o\000n}{section.1}% 4
\BOOKMARK [1][-]{section.2}{\376\377\0002\000\040\000M\000o\000d\000e\000l\000\040\000D\000e\000f\000i\000n\000i\000t\000i\000o\000n\000\040\000\046\000\040\000S\000i\000m\000u\000l\000a\000t\000i\000o\000n}{}% 5
\BOOKMARK [2][-]{subsection.2.1}{\376\377\0002\000.\0001\000\040\000M\000o\000d\000e\000l\000\040\000D\000e\000f\000i\000n\000i\000t\000i\000o\000n}{section.2}% 6
\BOOKMARK [2][-]{subsection.2.2}{\376\377\0002\000.\0002\000\040\000M\000o\000d\000e\000l\000\040\000A\000n\000a\000l\000y\000s\000i\000s}{section.2}% 7
\BOOKMARK [2][-]{subsection.2.3}{\376\377\0002\000.\0003\000\040\000C\000o\000n\000v\000e\000r\000s\000i\000o\000n\000\040\000U\000t\000i\000l\000i\000t\000i\000e\000s}{section.2}% 8
\BOOKMARK [1][-]{section.3}{\376\377\0003\000\040\000C\000o\000d\000e\000\040\000O\000r\000g\000a\000n\000i\000z\000a\000t\000i\000o\000n}{}% 9
\BOOKMARK [2][-]{subsection.3.1}{\376\377\0003\000.\0001\000\040\000D\000i\000r\000e\000c\000t\000o\000r\000y\000\040\000S\000t\000r\000u\000c\000t\000u\000r\000e}{section.3}% 10
\BOOKMARK [2][-]{subsection.3.2}{\376\377\0003\000.\0002\000\040\000D\000o\000c\000u\000m\000e\000n\000t\000\040\000C\000r\000e\000a\000t\000i\000o\000n}{section.3}% 11
\BOOKMARK [1][-]{section.4}{\376\377\0004\000\040\000H\000i\000e\000r\000a\000r\000c\000h\000i\000c\000a\000l\000\040\000I\000n\000d\000e\000x}{}% 12
\BOOKMARK [2][-]{subsection.4.1}{\376\377\0004\000.\0001\000\040\000C\000l\000a\000s\000s\000\040\000H\000i\000e\000r\000a\000r\000c\000h\000y}{section.4}% 13
\BOOKMARK [1][-]{section.5}{\376\377\0005\000\040\000C\000l\000a\000s\000s\000\040\000I\000n\000d\000e\000x}{}% 14
\BOOKMARK [2][-]{subsection.5.1}{\376\377\0005\000.\0001\000\040\000C\000l\000a\000s\000s\000\040\000L\000i\000s\000t}{section.5}% 15
\BOOKMARK [1][-]{section.6}{\376\377\0006\000\040\000C\000l\000a\000s\000s\000\040\000D\000o\000c\000u\000m\000e\000n\000t\000a\000t\000i\000o\000n}{}% 16
\BOOKMARK [2][-]{subsection.6.1}{\376\377\0006\000.\0001\000\040\000S\000B\000M\000L\000o\000d\000e\000\040\000C\000l\000a\000s\000s\000\040\000R\000e\000f\000e\000r\000e\000n\000c\000e}{section.6}% 17
\BOOKMARK [1][-]{section.7}{\376\377\0007\000\040\000F\000i\000l\000e\000\040\000D\000o\000c\000u\000m\000e\000n\000t\000a\000t\000i\000o\000n}{}% 18
\BOOKMARK [2][-]{subsection.7.1}{\376\377\0007\000.\0001\000\040\000a\000m\000i\000c\000i\000S\000t\000r\000u\000c\000t\000T\000o\000S\000o\000u\000r\000c\000e\000.\000m\000\040\000F\000i\000l\000e\000\040\000R\000e\000f\000e\000r\000e\000n\000c\000e}{section.7}% 19
\BOOKMARK [2][-]{subsection.7.2}{\376\377\0007\000.\0002\000\040\000A\000u\000x\000i\000l\000i\000a\000r\000y\000/\000g\000e\000n\000s\000s\000i\000C\000o\000m\000p\000u\000t\000e\000L\000i\000e\000D\000e\000r\000i\000v\000a\000t\000i\000v\000e\000s\000.\000m\000\040\000F\000i\000l\000e\000\040\000R\000e\000f\000e\000r\000e\000n\000c\000e}{section.7}% 20
\BOOKMARK [2][-]{subsection.7.3}{\376\377\0007\000.\0003\000\040\000A\000u\000x\000i\000l\000i\000a\000r\000y\000/\000g\000e\000n\000s\000s\000i\000C\000o\000m\000p\000u\000t\000e\000R\000e\000d\000u\000c\000e\000d\000T\000a\000b\000l\000e\000a\000u\000.\000m\000\040\000F\000i\000l\000e\000\040\000R\000e\000f\000e\000r\000e\000n\000c\000e}{section.7}% 21
\BOOKMARK [2][-]{subsection.7.4}{\376\377\0007\000.\0004\000\040\000A\000u\000x\000i\000l\000i\000a\000r\000y\000/\000g\000e\000n\000s\000s\000i\000C\000o\000m\000p\000u\000t\000e\000T\000a\000b\000l\000e\000a\000u\000.\000m\000\040\000F\000i\000l\000e\000\040\000R\000e\000f\000e\000r\000e\000n\000c\000e}{section.7}% 22
\BOOKMARK [2][-]{subsection.7.5}{\376\377\0007\000.\0005\000\040\000A\000u\000x\000i\000l\000i\000a\000r\000y\000/\000g\000e\000n\000s\000s\000i\000O\000r\000d\000e\000r\000T\000a\000b\000l\000e\000a\000u\000.\000m\000\040\000F\000i\000l\000e\000\040\000R\000e\000f\000e\000r\000e\000n\000c\000e}{section.7}% 23
\BOOKMARK [2][-]{subsection.7.6}{\376\377\0007\000.\0006\000\040\000A\000u\000x\000i\000l\000i\000a\000r\000y\000/\000g\000e\000n\000s\000s\000i\000P\000o\000l\000y\000S\000y\000s\000.\000m\000\040\000F\000i\000l\000e\000\040\000R\000e\000f\000e\000r\000e\000n\000c\000e}{section.7}% 24
\BOOKMARK [2][-]{subsection.7.7}{\376\377\0007\000.\0007\000\040\000A\000u\000x\000i\000l\000i\000a\000r\000y\000/\000g\000e\000n\000s\000s\000i\000R\000e\000m\000o\000v\000e\000Z\000e\000r\000o\000C\000o\000l\000u\000m\000n\000s\000.\000m\000\040\000F\000i\000l\000e\000\040\000R\000e\000f\000e\000r\000e\000n\000c\000e}{section.7}% 25
\BOOKMARK [2][-]{subsection.7.8}{\376\377\0007\000.\0008\000\040\000A\000u\000x\000i\000l\000i\000a\000r\000y\000/\000g\000e\000n\000s\000s\000i\000R\000e\000m\000o\000v\000e\000Z\000e\000r\000o\000E\000l\000e\000m\000e\000n\000t\000s\000C\000.\000m\000\040\000F\000i\000l\000e\000\040\000R\000e\000f\000e\000r\000e\000n\000c\000e}{section.7}% 26
\BOOKMARK [2][-]{subsection.7.9}{\376\377\0007\000.\0009\000\040\000A\000u\000x\000i\000l\000i\000a\000r\000y\000/\000g\000e\000n\000s\000s\000i\000R\000e\000m\000o\000v\000e\000Z\000e\000r\000o\000E\000l\000e\000m\000e\000n\000t\000s\000R\000.\000m\000\040\000F\000i\000l\000e\000\040\000R\000e\000f\000e\000r\000e\000n\000c\000e}{section.7}% 27
\BOOKMARK [2][-]{subsection.7.10}{\376\377\0007\000.\0001\0000\000\040\000A\000u\000x\000i\000l\000i\000a\000r\000y\000/\000g\000e\000n\000s\000s\000i\000R\000e\000m\000o\000v\000e\000Z\000e\000r\000o\000R\000o\000w\000s\000.\000m\000\040\000F\000i\000l\000e\000\040\000R\000e\000f\000e\000r\000e\000n\000c\000e}{section.7}% 28
\BOOKMARK [2][-]{subsection.7.11}{\376\377\0007\000.\0001\0001\000\040\000A\000u\000x\000i\000l\000i\000a\000r\000y\000/\000g\000e\000n\000s\000s\000i\000R\000e\000p\000o\000r\000t\000I\000n\000p\000u\000t\000s\000.\000m\000\040\000F\000i\000l\000e\000\040\000R\000e\000f\000e\000r\000e\000n\000c\000e}{section.7}% 29
\BOOKMARK [2][-]{subsection.7.12}{\376\377\0007\000.\0001\0002\000\040\000A\000u\000x\000i\000l\000i\000a\000r\000y\000/\000g\000e\000n\000s\000s\000i\000R\000e\000p\000o\000r\000t\000R\000e\000s\000u\000l\000t\000s\000.\000m\000\040\000F\000i\000l\000e\000\040\000R\000e\000f\000e\000r\000e\000n\000c\000e}{section.7}% 30
\BOOKMARK [2][-]{subsection.7.13}{\376\377\0007\000.\0001\0003\000\040\000A\000u\000x\000i\000l\000i\000a\000r\000y\000/\000g\000e\000n\000s\000s\000i\000T\000a\000b\000l\000e\000a\000u\000I\000m\000a\000g\000e\000.\000m\000\040\000F\000i\000l\000e\000\040\000R\000e\000f\000e\000r\000e\000n\000c\000e}{section.7}% 31
\BOOKMARK [2][-]{subsection.7.14}{\376\377\0007\000.\0001\0004\000\040\000g\000e\000n\000s\000s\000i\000F\000r\000o\000m\000A\000m\000i\000c\000i\000.\000m\000\040\000F\000i\000l\000e\000\040\000R\000e\000f\000e\000r\000e\000n\000c\000e}{section.7}% 32
\BOOKMARK [2][-]{subsection.7.15}{\376\377\0007\000.\0001\0005\000\040\000g\000e\000n\000s\000s\000i\000F\000r\000o\000m\000S\000B\000M\000L\000.\000m\000\040\000F\000i\000l\000e\000\040\000R\000e\000f\000e\000r\000e\000n\000c\000e}{section.7}% 33
\BOOKMARK [2][-]{subsection.7.16}{\376\377\0007\000.\0001\0006\000\040\000g\000e\000n\000s\000s\000i\000M\000a\000i\000n\000.\000m\000\040\000F\000i\000l\000e\000\040\000R\000e\000f\000e\000r\000e\000n\000c\000e}{section.7}% 34
\BOOKMARK [2][-]{subsection.7.17}{\376\377\0007\000.\0001\0007\000\040\000g\000e\000n\000s\000s\000i\000M\000u\000l\000t\000i\000E\000x\000p\000e\000r\000i\000m\000e\000n\000t\000.\000m\000\040\000F\000i\000l\000e\000\040\000R\000e\000f\000e\000r\000e\000n\000c\000e}{section.7}% 35
\BOOKMARK [2][-]{subsection.7.18}{\376\377\0007\000.\0001\0008\000\040\000g\000e\000n\000s\000s\000i\000S\000t\000a\000r\000t\000u\000p\000.\000m\000\040\000F\000i\000l\000e\000\040\000R\000e\000f\000e\000r\000e\000n\000c\000e}{section.7}% 36
\BOOKMARK [2][-]{subsection.7.19}{\376\377\0007\000.\0001\0009\000\040\000g\000e\000n\000s\000s\000i\000S\000t\000r\000u\000c\000t\000T\000o\000S\000o\000u\000r\000c\000e\000.\000m\000\040\000F\000i\000l\000e\000\040\000R\000e\000f\000e\000r\000e\000n\000c\000e}{section.7}% 37
\BOOKMARK [2][-]{subsection.7.20}{\376\377\0007\000.\0002\0000\000\040\000g\000e\000n\000s\000s\000i\000T\000o\000A\000m\000i\000c\000i\000.\000m\000\040\000F\000i\000l\000e\000\040\000R\000e\000f\000e\000r\000e\000n\000c\000e}{section.7}% 38
\BOOKMARK [2][-]{subsection.7.21}{\376\377\0007\000.\0002\0001\000\040\000g\000e\000n\000s\000s\000i\000T\000o\000P\000o\000l\000y\000n\000o\000m\000i\000a\000l\000.\000m\000\040\000F\000i\000l\000e\000\040\000R\000e\000f\000e\000r\000e\000n\000c\000e}{section.7}% 39
\BOOKMARK [2][-]{subsection.7.22}{\376\377\0007\000.\0002\0002\000\040\000g\000e\000n\000s\000s\000i\000T\000r\000a\000n\000s\000f\000o\000r\000m\000a\000t\000i\000o\000n\000.\000m\000\040\000F\000i\000l\000e\000\040\000R\000e\000f\000e\000r\000e\000n\000c\000e}{section.7}% 40
\BOOKMARK [2][-]{subsection.7.23}{\376\377\0007\000.\0002\0003\000\040\000S\000B\000M\000L\000i\000m\000p\000o\000r\000t\000e\000r\000/\000c\000o\000m\000p\000u\000t\000e\000B\000r\000a\000c\000k\000e\000t\000L\000e\000v\000e\000l\000.\000m\000\040\000F\000i\000l\000e\000\040\000R\000e\000f\000e\000r\000e\000n\000c\000e}{section.7}% 41
\BOOKMARK [1][-]{section*.57}{\376\377\000I\000n\000d\000e\000x}{}% 42
